1619344425696	mozrunner::runner	INFO	Running command: "/Applications/Firefox.app/Contents/MacOS/firefox-bin" "-marionette" "-foreground" "-no-remote" "-profile" "/var/folders/qp/62byk9gs7738gg2bzjf8p3br0000gn/T/rust_mozprofilesHWMrP"
2021-04-25 17:53:48.558 firefox-bin[64502:3920319] Warning: Expected min height of view: (<NSButton: 0x124503000>) to be less than or equal to 30 but got a height of 32.000000. This error will be logged once per view in violation.
2021-04-25 17:53:48.559 firefox-bin[64502:3920319] Warning: Expected min height of view: (<NSButton: 0x12f771400>) to be less than or equal to 30 but got a height of 32.000000. This error will be logged once per view in violation.
2021-04-25 17:53:48.559 firefox-bin[64502:3920319] Warning: Expected min height of view: (<NSButton: 0x12f76ec00>) to be less than or equal to 30 but got a height of 32.000000. This error will be logged once per view in violation.
2021-04-25 17:53:48.560 firefox-bin[64502:3920319] Warning: Expected min height of view: (<NSButton: 0x12f771800>) to be less than or equal to 30 but got a height of 32.000000. This error will be logged once per view in violation.
2021-04-25 17:53:48.560 firefox-bin[64502:3920319] Warning: Expected min height of view: (<NSButton: 0x12f772400>) to be less than or equal to 30 but got a height of 32.000000. This error will be logged once per view in violation.
2021-04-25 17:53:48.561 firefox-bin[64502:3920319] Warning: Expected min height of view: (<NSPopoverTouchBarItemButton: 0x12f773c00>) to be less than or equal to 30 but got a height of 32.000000. This error will be logged once per view in violation.
2021-04-25 17:53:48.561 firefox-bin[64502:3920319] Warning: Expected min height of view: (<NSPopoverTouchBarItemButton: 0x12fa9a400>) to be less than or equal to 30 but got a height of 32.000000. This error will be logged once per view in violation.
console.warn: SearchSettings: "get: No settings file exists, new profile?" (new Error("", "(unknown module)"))
1619344429770	Marionette	INFO	Listening on port 65024
1619344429851	Marionette	WARN	TLS certificate errors will be ignored for this session
1619344429861	Marionette	ERROR	[19] No reply from Marionette:Register
console.warn: SearchSettings: "get: No settings file exists, new profile?" (new Error("", "(unknown module)"))
2021-04-25 17:58:09.494 firefox-bin[64502:3920319] Warning: Expected min height of view: (<NSButton: 0x1178da000>) to be less than or equal to 30 but got a height of 32.000000. This error will be logged once per view in violation.
2021-04-25 17:58:09.494 firefox-bin[64502:3920319] Warning: Expected min height of view: (<NSButton: 0x1178d4c00>) to be less than or equal to 30 but got a height of 32.000000. This error will be logged once per view in violation.
2021-04-25 17:58:09.495 firefox-bin[64502:3920319] Warning: Expected min height of view: (<NSButton: 0x1178d9800>) to be less than or equal to 30 but got a height of 32.000000. This error will be logged once per view in violation.
2021-04-25 17:58:09.495 firefox-bin[64502:3920319] Warning: Expected min height of view: (<NSButton: 0x122e57c00>) to be less than or equal to 30 but got a height of 32.000000. This error will be logged once per view in violation.
2021-04-25 17:58:09.496 firefox-bin[64502:3920319] Warning: Expected min height of view: (<NSButton: 0x12f76c000>) to be less than or equal to 30 but got a height of 32.000000. This error will be logged once per view in violation.
2021-04-25 17:58:09.496 firefox-bin[64502:3920319] Warning: Expected min height of view: (<NSPopoverTouchBarItemButton: 0x12fa9f400>) to be less than or equal to 30 but got a height of 32.000000. This error will be logged once per view in violation.
2021-04-25 17:58:09.497 firefox-bin[64502:3920319] Warning: Expected min height of view: (<NSPopoverTouchBarItemButton: 0x12faa7000>) to be less than or equal to 30 but got a height of 32.000000. This error will be logged once per view in violation.
1619344695793	Marionette	INFO	Stopped listening on port 65024

###!!! [Parent][RunMessage] Error: Channel closing: too late to send/recv, messages will be lost

1619353377505	mozrunner::runner	INFO	Running command: "/Applications/Firefox.app/Contents/MacOS/firefox-bin" "-marionette" "-foreground" "-no-remote" "-profile" "/var/folders/qp/62byk9gs7738gg2bzjf8p3br0000gn/T/rust_mozprofileSCw1Kb"
2021-04-25 20:22:59.614 firefox-bin[70104:4018776] Warning: Expected min height of view: (<NSButton: 0x1318c6800>) to be less than or equal to 30 but got a height of 32.000000. This error will be logged once per view in violation.
2021-04-25 20:22:59.615 firefox-bin[70104:4018776] Warning: Expected min height of view: (<NSButton: 0x13cb56400>) to be less than or equal to 30 but got a height of 32.000000. This error will be logged once per view in violation.
2021-04-25 20:22:59.615 firefox-bin[70104:4018776] Warning: Expected min height of view: (<NSButton: 0x13cb56800>) to be less than or equal to 30 but got a height of 32.000000. This error will be logged once per view in violation.
2021-04-25 20:22:59.616 firefox-bin[70104:4018776] Warning: Expected min height of view: (<NSButton: 0x13cb56c00>) to be less than or equal to 30 but got a height of 32.000000. This error will be logged once per view in violation.
2021-04-25 20:22:59.616 firefox-bin[70104:4018776] Warning: Expected min height of view: (<NSButton: 0x13cb57800>) to be less than or equal to 30 but got a height of 32.000000. This error will be logged once per view in violation.
2021-04-25 20:22:59.617 firefox-bin[70104:4018776] Warning: Expected min height of view: (<NSPopoverTouchBarItemButton: 0x13ce9ac00>) to be less than or equal to 30 but got a height of 32.000000. This error will be logged once per view in violation.
2021-04-25 20:22:59.617 firefox-bin[70104:4018776] Warning: Expected min height of view: (<NSPopoverTouchBarItemButton: 0x13cea0000>) to be less than or equal to 30 but got a height of 32.000000. This error will be logged once per view in violation.
console.warn: SearchSettings: "get: No settings file exists, new profile?" (new Error("", "(unknown module)"))
1619353381275	Marionette	INFO	Listening on port 53369
1619353381360	Marionette	WARN	TLS certificate errors will be ignored for this session
1619353381393	Marionette	ERROR	[19] No reply from Marionette:Register
1619353476861	Marionette	INFO	Stopped listening on port 53369

###!!! [Parent][RunMessage] Error: Channel closing: too late to send/recv, messages will be lost

1619353483378	mozrunner::runner	INFO	Running command: "/Applications/Firefox.app/Contents/MacOS/firefox-bin" "-marionette" "-foreground" "-no-remote" "-profile" "/var/folders/qp/62byk9gs7738gg2bzjf8p3br0000gn/T/rust_mozprofile1vXl3E"
2021-04-25 20:24:45.191 firefox-bin[70180:4020356] Warning: Expected min height of view: (<NSButton: 0x12463c400>) to be less than or equal to 30 but got a height of 32.000000. This error will be logged once per view in violation.
2021-04-25 20:24:45.191 firefox-bin[70180:4020356] Warning: Expected min height of view: (<NSButton: 0x131154c00>) to be less than or equal to 30 but got a height of 32.000000. This error will be logged once per view in violation.
2021-04-25 20:24:45.192 firefox-bin[70180:4020356] Warning: Expected min height of view: (<NSButton: 0x131155800>) to be less than or equal to 30 but got a height of 32.000000. This error will be logged once per view in violation.
2021-04-25 20:24:45.192 firefox-bin[70180:4020356] Warning: Expected min height of view: (<NSButton: 0x131151800>) to be less than or equal to 30 but got a height of 32.000000. This error will be logged once per view in violation.
2021-04-25 20:24:45.193 firefox-bin[70180:4020356] Warning: Expected min height of view: (<NSButton: 0x131152000>) to be less than or equal to 30 but got a height of 32.000000. This error will be logged once per view in violation.
2021-04-25 20:24:45.194 firefox-bin[70180:4020356] Warning: Expected min height of view: (<NSPopoverTouchBarItemButton: 0x131497c00>) to be less than or equal to 30 but got a height of 32.000000. This error will be logged once per view in violation.
2021-04-25 20:24:45.194 firefox-bin[70180:4020356] Warning: Expected min height of view: (<NSPopoverTouchBarItemButton: 0x13149d000>) to be less than or equal to 30 but got a height of 32.000000. This error will be logged once per view in violation.
console.warn: SearchSettings: "get: No settings file exists, new profile?" (new Error("", "(unknown module)"))
1619353486521	Marionette	INFO	Listening on port 53910
1619353486587	Marionette	WARN	TLS certificate errors will be ignored for this session
1619353486615	Marionette	ERROR	[19] No reply from Marionette:Register
1619353514615	mozrunner::runner	INFO	Running command: "/Applications/Firefox.app/Contents/MacOS/firefox-bin" "-marionette" "-foreground" "-no-remote" "-profile" "/var/folders/qp/62byk9gs7738gg2bzjf8p3br0000gn/T/rust_mozprofileCtgJQ4"
2021-04-25 20:25:16.320 firefox-bin[70207:4021057] Warning: Expected min height of view: (<NSButton: 0x13133c000>) to be less than or equal to 30 but got a height of 32.000000. This error will be logged once per view in violation.
2021-04-25 20:25:16.321 firefox-bin[70207:4021057] Warning: Expected min height of view: (<NSButton: 0x13de4c400>) to be less than or equal to 30 but got a height of 32.000000. This error will be logged once per view in violation.
2021-04-25 20:25:16.321 firefox-bin[70207:4021057] Warning: Expected min height of view: (<NSButton: 0x13de4c800>) to be less than or equal to 30 but got a height of 32.000000. This error will be logged once per view in violation.
2021-04-25 20:25:16.322 firefox-bin[70207:4021057] Warning: Expected min height of view: (<NSButton: 0x13de4cc00>) to be less than or equal to 30 but got a height of 32.000000. This error will be logged once per view in violation.
2021-04-25 20:25:16.322 firefox-bin[70207:4021057] Warning: Expected min height of view: (<NSButton: 0x13de4e000>) to be less than or equal to 30 but got a height of 32.000000. This error will be logged once per view in violation.
2021-04-25 20:25:16.323 firefox-bin[70207:4021057] Warning: Expected min height of view: (<NSPopoverTouchBarItemButton: 0x13e192c00>) to be less than or equal to 30 but got a height of 32.000000. This error will be logged once per view in violation.
2021-04-25 20:25:16.323 firefox-bin[70207:4021057] Warning: Expected min height of view: (<NSPopoverTouchBarItemButton: 0x13e198400>) to be less than or equal to 30 but got a height of 32.000000. This error will be logged once per view in violation.
console.warn: SearchSettings: "get: No settings file exists, new profile?" (new Error("", "(unknown module)"))
1619353517506	Marionette	INFO	Listening on port 54132
1619353517608	Marionette	WARN	TLS certificate errors will be ignored for this session
1619353517633	Marionette	ERROR	[19] No reply from Marionette:Register
1619353623317	mozrunner::runner	INFO	Running command: "/Applications/Firefox.app/Contents/MacOS/firefox-bin" "-marionette" "-foreground" "-no-remote" "-profile" "/var/folders/qp/62byk9gs7738gg2bzjf8p3br0000gn/T/rust_mozprofile0gHM8b"
2021-04-25 20:27:05.051 firefox-bin[70277:4022344] Warning: Expected min height of view: (<NSButton: 0x12b09d000>) to be less than or equal to 30 but got a height of 32.000000. This error will be logged once per view in violation.
2021-04-25 20:27:05.052 firefox-bin[70277:4022344] Warning: Expected min height of view: (<NSButton: 0x137b42000>) to be less than or equal to 30 but got a height of 32.000000. This error will be logged once per view in violation.
2021-04-25 20:27:05.052 firefox-bin[70277:4022344] Warning: Expected min height of view: (<NSButton: 0x137b3f000>) to be less than or equal to 30 but got a height of 32.000000. This error will be logged once per view in violation.
2021-04-25 20:27:05.053 firefox-bin[70277:4022344] Warning: Expected min height of view: (<NSButton: 0x137b42400>) to be less than or equal to 30 but got a height of 32.000000. This error will be logged once per view in violation.
2021-04-25 20:27:05.053 firefox-bin[70277:4022344] Warning: Expected min height of view: (<NSButton: 0x137b44400>) to be less than or equal to 30 but got a height of 32.000000. This error will be logged once per view in violation.
2021-04-25 20:27:05.054 firefox-bin[70277:4022344] Warning: Expected min height of view: (<NSPopoverTouchBarItemButton: 0x137e98400>) to be less than or equal to 30 but got a height of 32.000000. This error will be logged once per view in violation.
2021-04-25 20:27:05.054 firefox-bin[70277:4022344] Warning: Expected min height of view: (<NSPopoverTouchBarItemButton: 0x137ea1c00>) to be less than or equal to 30 but got a height of 32.000000. This error will be logged once per view in violation.
console.warn: SearchSettings: "get: No settings file exists, new profile?" (new Error("", "(unknown module)"))
1619353626414	Marionette	INFO	Listening on port 54700
1619353626488	Marionette	WARN	TLS certificate errors will be ignored for this session
1619353626518	Marionette	ERROR	[19] No reply from Marionette:Register
1619353976099	mozrunner::runner	INFO	Running command: "/Applications/Firefox.app/Contents/MacOS/firefox-bin" "-marionette" "-foreground" "-no-remote" "-profile" "/var/folders/qp/62byk9gs7738gg2bzjf8p3br0000gn/T/rust_mozprofilezyXeKi"
2021-04-25 20:32:57.925 firefox-bin[70502:4026655] Warning: Expected min height of view: (<NSButton: 0x126036c00>) to be less than or equal to 30 but got a height of 32.000000. This error will be logged once per view in violation.
2021-04-25 20:32:57.926 firefox-bin[70502:4026655] Warning: Expected min height of view: (<NSButton: 0x132b35400>) to be less than or equal to 30 but got a height of 32.000000. This error will be logged once per view in violation.
2021-04-25 20:32:57.926 firefox-bin[70502:4026655] Warning: Expected min height of view: (<NSButton: 0x132b36400>) to be less than or equal to 30 but got a height of 32.000000. This error will be logged once per view in violation.
2021-04-25 20:32:57.927 firefox-bin[70502:4026655] Warning: Expected min height of view: (<NSButton: 0x132b38400>) to be less than or equal to 30 but got a height of 32.000000. This error will be logged once per view in violation.
2021-04-25 20:32:57.927 firefox-bin[70502:4026655] Warning: Expected min height of view: (<NSButton: 0x132b39000>) to be less than or equal to 30 but got a height of 32.000000. This error will be logged once per view in violation.
2021-04-25 20:32:57.928 firefox-bin[70502:4026655] Warning: Expected min height of view: (<NSPopoverTouchBarItemButton: 0x132e89400>) to be less than or equal to 30 but got a height of 32.000000. This error will be logged once per view in violation.
2021-04-25 20:32:57.928 firefox-bin[70502:4026655] Warning: Expected min height of view: (<NSPopoverTouchBarItemButton: 0x132e94000>) to be less than or equal to 30 but got a height of 32.000000. This error will be logged once per view in violation.
console.warn: SearchSettings: "get: No settings file exists, new profile?" (new Error("", "(unknown module)"))
1619353979184	Marionette	INFO	Listening on port 56343
1619353979311	Marionette	WARN	TLS certificate errors will be ignored for this session
1619353979329	Marionette	ERROR	[19] No reply from Marionette:Register
console.log: WebExtensions: reset-default-search: No addons in our list are installed.
console.log: WebExtensions: reset-default-search: No addons in our list are installed.
console.error: services.settings: 
  security-state/cert-revocations Signature failed  TypeError: NetworkError when attempting to fetch resource.
console.error: services.settings: 
  Message: TypeError: NetworkError when attempting to fetch resource.
console.error: services.settings: 
  main/normandy-recipes-capabilities Signature failed  TypeError: NetworkError when attempting to fetch resource.
console.error: services.settings: 
  Message: TypeError: NetworkError when attempting to fetch resource.
1619354086551	mozrunner::runner	INFO	Running command: "/Applications/Firefox.app/Contents/MacOS/firefox-bin" "-marionette" "-foreground" "-no-remote" "-profile" "/var/folders/qp/62byk9gs7738gg2bzjf8p3br0000gn/T/rust_mozprofilet4FFOv"
2021-04-25 20:34:48.457 firefox-bin[70577:4028176] Warning: Expected min height of view: (<NSButton: 0x12edc7800>) to be less than or equal to 30 but got a height of 32.000000. This error will be logged once per view in violation.
2021-04-25 20:34:48.457 firefox-bin[70577:4028176] Warning: Expected min height of view: (<NSButton: 0x139f50400>) to be less than or equal to 30 but got a height of 32.000000. This error will be logged once per view in violation.
2021-04-25 20:34:48.458 firefox-bin[70577:4028176] Warning: Expected min height of view: (<NSButton: 0x139f55c00>) to be less than or equal to 30 but got a height of 32.000000. This error will be logged once per view in violation.
2021-04-25 20:34:48.459 firefox-bin[70577:4028176] Warning: Expected min height of view: (<NSButton: 0x139f52800>) to be less than or equal to 30 but got a height of 32.000000. This error will be logged once per view in violation.
2021-04-25 20:34:48.459 firefox-bin[70577:4028176] Warning: Expected min height of view: (<NSButton: 0x139f4f000>) to be less than or equal to 30 but got a height of 32.000000. This error will be logged once per view in violation.
2021-04-25 20:34:48.460 firefox-bin[70577:4028176] Warning: Expected min height of view: (<NSPopoverTouchBarItemButton: 0x139f4f800>) to be less than or equal to 30 but got a height of 32.000000. This error will be logged once per view in violation.
2021-04-25 20:34:48.460 firefox-bin[70577:4028176] Warning: Expected min height of view: (<NSPopoverTouchBarItemButton: 0x13a298c00>) to be less than or equal to 30 but got a height of 32.000000. This error will be logged once per view in violation.
console.warn: SearchSettings: "get: No settings file exists, new profile?" (new Error("", "(unknown module)"))
1619354089830	Marionette	INFO	Listening on port 56907
1619354089858	Marionette	WARN	TLS certificate errors will be ignored for this session
1619354089870	Marionette	ERROR	[19] No reply from Marionette:Register
1619354105610	mozrunner::runner	INFO	Running command: "/Applications/Firefox.app/Contents/MacOS/firefox-bin" "-marionette" "-foreground" "-no-remote" "-profile" "/var/folders/qp/62byk9gs7738gg2bzjf8p3br0000gn/T/rust_mozprofileAHaNG0"
console.error: services.settings: 
  security-state/intermediates Signature failed  TypeError: NetworkError when attempting to fetch resource.
console.error: services.settings: 
  Message: TypeError: NetworkError when attempting to fetch resource.
2021-04-25 20:35:07.491 firefox-bin[70597:4028839] Warning: Expected min height of view: (<NSButton: 0x13043a000>) to be less than or equal to 30 but got a height of 32.000000. This error will be logged once per view in violation.
2021-04-25 20:35:07.492 firefox-bin[70597:4028839] Warning: Expected min height of view: (<NSButton: 0x13cedd800>) to be less than or equal to 30 but got a height of 32.000000. This error will be logged once per view in violation.
2021-04-25 20:35:07.492 firefox-bin[70597:4028839] Warning: Expected min height of view: (<NSButton: 0x13cedec00>) to be less than or equal to 30 but got a height of 32.000000. This error will be logged once per view in violation.
2021-04-25 20:35:07.493 firefox-bin[70597:4028839] Warning: Expected min height of view: (<NSButton: 0x13ced7800>) to be less than or equal to 30 but got a height of 32.000000. This error will be logged once per view in violation.
2021-04-25 20:35:07.493 firefox-bin[70597:4028839] Warning: Expected min height of view: (<NSButton: 0x13ced9400>) to be less than or equal to 30 but got a height of 32.000000. This error will be logged once per view in violation.
2021-04-25 20:35:07.494 firefox-bin[70597:4028839] Warning: Expected min height of view: (<NSPopoverTouchBarItemButton: 0x13ceda000>) to be less than or equal to 30 but got a height of 32.000000. This error will be logged once per view in violation.
2021-04-25 20:35:07.494 firefox-bin[70597:4028839] Warning: Expected min height of view: (<NSPopoverTouchBarItemButton: 0x13d290000>) to be less than or equal to 30 but got a height of 32.000000. This error will be logged once per view in violation.
console.warn: SearchSettings: "get: No settings file exists, new profile?" (new Error("", "(unknown module)"))
1619354108878	Marionette	INFO	Listening on port 57074
1619354108913	Marionette	WARN	TLS certificate errors will be ignored for this session
1619354108927	Marionette	ERROR	[19] No reply from Marionette:Register
console.warn: SearchSettings: "get: No settings file exists, new profile?" (new Error("", "(unknown module)"))
console.log: WebExtensions: reset-default-search: No addons in our list are installed.
1619354285418	mozrunner::runner	INFO	Running command: "/Applications/Firefox.app/Contents/MacOS/firefox-bin" "-marionette" "-foreground" "-no-remote" "-profile" "/var/folders/qp/62byk9gs7738gg2bzjf8p3br0000gn/T/rust_mozprofileWpEK4l"
2021-04-25 20:38:07.627 firefox-bin[70725:4031019] Warning: Expected min height of view: (<NSButton: 0x13063fc00>) to be less than or equal to 30 but got a height of 32.000000. This error will be logged once per view in violation.
2021-04-25 20:38:07.628 firefox-bin[70725:4031019] Warning: Expected min height of view: (<NSButton: 0x13d15b000>) to be less than or equal to 30 but got a height of 32.000000. This error will be logged once per view in violation.
2021-04-25 20:38:07.628 firefox-bin[70725:4031019] Warning: Expected min height of view: (<NSButton: 0x13d155c00>) to be less than or equal to 30 but got a height of 32.000000. This error will be logged once per view in violation.
2021-04-25 20:38:07.629 firefox-bin[70725:4031019] Warning: Expected min height of view: (<NSButton: 0x13d156000>) to be less than or equal to 30 but got a height of 32.000000. This error will be logged once per view in violation.
2021-04-25 20:38:07.629 firefox-bin[70725:4031019] Warning: Expected min height of view: (<NSButton: 0x13d156400>) to be less than or equal to 30 but got a height of 32.000000. This error will be logged once per view in violation.
2021-04-25 20:38:07.630 firefox-bin[70725:4031019] Warning: Expected min height of view: (<NSPopoverTouchBarItemButton: 0x13d157000>) to be less than or equal to 30 but got a height of 32.000000. This error will be logged once per view in violation.
2021-04-25 20:38:07.630 firefox-bin[70725:4031019] Warning: Expected min height of view: (<NSPopoverTouchBarItemButton: 0x13d4a6800>) to be less than or equal to 30 but got a height of 32.000000. This error will be logged once per view in violation.
console.warn: SearchSettings: "get: No settings file exists, new profile?" (new Error("", "(unknown module)"))
1619354288999	Marionette	INFO	Listening on port 57928
1619354289115	Marionette	WARN	TLS certificate errors will be ignored for this session
1619354289127	Marionette	ERROR	[19] No reply from Marionette:Register
1619354338708	mozrunner::runner	INFO	Running command: "/Applications/Firefox.app/Contents/MacOS/firefox-bin" "-marionette" "-foreground" "-no-remote" "-profile" "/var/folders/qp/62byk9gs7738gg2bzjf8p3br0000gn/T/rust_mozprofileXMUJYU"
2021-04-25 20:39:00.586 firefox-bin[70775:4032003] Warning: Expected min height of view: (<NSButton: 0x1325b8800>) to be less than or equal to 30 but got a height of 32.000000. This error will be logged once per view in violation.
2021-04-25 20:39:00.586 firefox-bin[70775:4032003] Warning: Expected min height of view: (<NSButton: 0x13d7e0c00>) to be less than or equal to 30 but got a height of 32.000000. This error will be logged once per view in violation.
2021-04-25 20:39:00.587 firefox-bin[70775:4032003] Warning: Expected min height of view: (<NSButton: 0x13d7e5000>) to be less than or equal to 30 but got a height of 32.000000. This error will be logged once per view in violation.
2021-04-25 20:39:00.587 firefox-bin[70775:4032003] Warning: Expected min height of view: (<NSButton: 0x13d7e3c00>) to be less than or equal to 30 but got a height of 32.000000. This error will be logged once per view in violation.
2021-04-25 20:39:00.588 firefox-bin[70775:4032003] Warning: Expected min height of view: (<NSButton: 0x13d7e4000>) to be less than or equal to 30 but got a height of 32.000000. This error will be logged once per view in violation.
2021-04-25 20:39:00.588 firefox-bin[70775:4032003] Warning: Expected min height of view: (<NSPopoverTouchBarItemButton: 0x13d7e1400>) to be less than or equal to 30 but got a height of 32.000000. This error will be logged once per view in violation.
2021-04-25 20:39:00.589 firefox-bin[70775:4032003] Warning: Expected min height of view: (<NSPopoverTouchBarItemButton: 0x13daef400>) to be less than or equal to 30 but got a height of 32.000000. This error will be logged once per view in violation.
console.warn: SearchSettings: "get: No settings file exists, new profile?" (new Error("", "(unknown module)"))
1619354341951	Marionette	INFO	Listening on port 58247
1619354342013	Marionette	WARN	TLS certificate errors will be ignored for this session
1619354342027	Marionette	ERROR	[19] No reply from Marionette:Register
console.error: services.settings: 
  security-state/cert-revocations Signature failed  TypeError: NetworkError when attempting to fetch resource.
console.error: services.settings: 
  Message: TypeError: NetworkError when attempting to fetch resource.
console.error: services.settings: 
  main/normandy-recipes-capabilities Signature failed  TypeError: NetworkError when attempting to fetch resource.
console.error: services.settings: 
  Message: TypeError: NetworkError when attempting to fetch resource.
1619354486083	Marionette	INFO	Stopped listening on port 57074

###!!! [Parent][RunMessage] Error: Channel closing: too late to send/recv, messages will be lost

1619354488329	Marionette	INFO	Stopped listening on port 56907

###!!! [Parent][RunMessage] Error: Channel closing: too late to send/recv, messages will be lost

console.error: services.settings: 
  security-state/intermediates Signature failed  TypeError: NetworkError when attempting to fetch resource.
console.error: services.settings: 
  Message: TypeError: NetworkError when attempting to fetch resource.
console.log: WebExtensions: reset-default-search: No addons in our list are installed.
console.error: services.settings: 
  security-state/onecrl Signature failed  TypeError: NetworkError when attempting to fetch resource.
console.error: services.settings: 
  Message: TypeError: NetworkError when attempting to fetch resource.
console.warn: services.settings: main/top-sites sync interrupted by shutdown
console.warn: services.settings: main/whats-new-panel sync interrupted by shutdown
console.warn: services.settings: main/fxmonitor-breaches sync interrupted by shutdown
console.warn: services.settings: main/cfr-fxa sync interrupted by shutdown
1619354490212	Marionette	INFO	Stopped listening on port 56343

###!!! [Parent][RunMessage] Error: Channel closing: too late to send/recv, messages will be lost

1619354491985	Marionette	INFO	Stopped listening on port 54700

###!!! [Parent][RunMessage] Error: Channel closing: too late to send/recv, messages will be lost

1619354500521	Marionette	INFO	Stopped listening on port 54132

###!!! [Parent][RunMessage] Error: Channel closing: too late to send/recv, messages will be lost

1619354502704	Marionette	INFO	Stopped listening on port 53910
1619354505051	Marionette	INFO	Stopped listening on port 57928

###!!! [Parent][RunMessage] Error: Channel closing: too late to send/recv, messages will be lost

1619354507241	Marionette	INFO	Stopped listening on port 58247

###!!! [Parent][RunMessage] Error: Channel closing: too late to send/recv, messages will be lost

1619441234722	mozrunner::runner	INFO	Running command: "/Applications/Firefox.app/Contents/MacOS/firefox-bin" "-marionette" "-foreground" "-no-remote" "-profile" "/var/folders/qp/62byk9gs7738gg2bzjf8p3br0000gn/T/rust_mozprofileEwCA2I"
2021-04-26 20:47:16.862 firefox-bin[2155:4813724] Warning: Expected min height of view: (<NSButton: 0x12eaa1800>) to be less than or equal to 30 but got a height of 32.000000. This error will be logged once per view in violation.
2021-04-26 20:47:16.862 firefox-bin[2155:4813724] Warning: Expected min height of view: (<NSButton: 0x13b553800>) to be less than or equal to 30 but got a height of 32.000000. This error will be logged once per view in violation.
2021-04-26 20:47:16.863 firefox-bin[2155:4813724] Warning: Expected min height of view: (<NSButton: 0x13b554c00>) to be less than or equal to 30 but got a height of 32.000000. This error will be logged once per view in violation.
2021-04-26 20:47:16.863 firefox-bin[2155:4813724] Warning: Expected min height of view: (<NSButton: 0x10f3a7c00>) to be less than or equal to 30 but got a height of 32.000000. This error will be logged once per view in violation.
2021-04-26 20:47:16.864 firefox-bin[2155:4813724] Warning: Expected min height of view: (<NSButton: 0x13b555c00>) to be less than or equal to 30 but got a height of 32.000000. This error will be logged once per view in violation.
2021-04-26 20:47:16.864 firefox-bin[2155:4813724] Warning: Expected min height of view: (<NSPopoverTouchBarItemButton: 0x13b556c00>) to be less than or equal to 30 but got a height of 32.000000. This error will be logged once per view in violation.
2021-04-26 20:47:16.864 firefox-bin[2155:4813724] Warning: Expected min height of view: (<NSPopoverTouchBarItemButton: 0x13b60b400>) to be less than or equal to 30 but got a height of 32.000000. This error will be logged once per view in violation.
console.warn: SearchSettings: "get: No settings file exists, new profile?" (new Error("", "(unknown module)"))
1619441238084	Marionette	INFO	Listening on port 53048
1619441238145	Marionette	WARN	TLS certificate errors will be ignored for this session
1619441238159	Marionette	ERROR	[19] No reply from Marionette:Register
1619441364187	Marionette	INFO	Stopped listening on port 53048

###!!! [Parent][RunMessage] Error: Channel closing: too late to send/recv, messages will be lost

1619444478959	mozrunner::runner	INFO	Running command: "/Applications/Firefox.app/Contents/MacOS/firefox-bin" "-marionette" "-foreground" "-no-remote" "-profile" "/var/folders/qp/62byk9gs7738gg2bzjf8p3br0000gn/T/rust_mozprofile64fACA"
console.warn: SearchSettings: "get: No settings file exists, new profile?" (new Error("", "(unknown module)"))
1619444481678	Marionette	INFO	Listening on port 60548
1619444481769	Marionette	WARN	TLS certificate errors will be ignored for this session
1619444481783	Marionette	ERROR	[19] No reply from Marionette:Register
2021-04-26 21:42:55.658 firefox-bin[4737:4880996] Warning: Expected min height of view: (<NSButton: 0x154cd5000>) to be less than or equal to 30 but got a height of 32.000000. This error will be logged once per view in violation.
2021-04-26 21:42:55.659 firefox-bin[4737:4880996] Warning: Expected min height of view: (<NSButton: 0x154cdb800>) to be less than or equal to 30 but got a height of 32.000000. This error will be logged once per view in violation.
2021-04-26 21:42:55.660 firefox-bin[4737:4880996] Warning: Expected min height of view: (<NSButton: 0x154cd5800>) to be less than or equal to 30 but got a height of 32.000000. This error will be logged once per view in violation.
2021-04-26 21:42:55.660 firefox-bin[4737:4880996] Warning: Expected min height of view: (<NSButton: 0x154cd6800>) to be less than or equal to 30 but got a height of 32.000000. This error will be logged once per view in violation.
2021-04-26 21:42:55.661 firefox-bin[4737:4880996] Warning: Expected min height of view: (<NSButton: 0x154cd6c00>) to be less than or equal to 30 but got a height of 32.000000. This error will be logged once per view in violation.
2021-04-26 21:42:55.661 firefox-bin[4737:4880996] Warning: Expected min height of view: (<NSPopoverTouchBarItemButton: 0x154cdb400>) to be less than or equal to 30 but got a height of 32.000000. This error will be logged once per view in violation.
2021-04-26 21:42:55.662 firefox-bin[4737:4880996] Warning: Expected min height of view: (<NSPopoverTouchBarItemButton: 0x146134000>) to be less than or equal to 30 but got a height of 32.000000. This error will be logged once per view in violation.
1619444604268	Marionette	INFO	Stopped listening on port 60548

###!!! [Parent][RunMessage] Error: Channel closing: too late to send/recv, messages will be lost

1619473342914	mozrunner::runner	INFO	Running command: "/Applications/Firefox.app/Contents/MacOS/firefox-bin" "-marionette" "-foreground" "-no-remote" "-profile" "/var/folders/qp/62byk9gs7738gg2bzjf8p3br0000gn/T/rust_mozprofile3LdC72"
2021-04-27 05:42:24.795 firefox-bin[11290:5080235] Warning: Expected min height of view: (<NSButton: 0x123fb3800>) to be less than or equal to 30 but got a height of 32.000000. This error will be logged once per view in violation.
2021-04-27 05:42:24.796 firefox-bin[11290:5080235] Warning: Expected min height of view: (<NSButton: 0x130a3ec00>) to be less than or equal to 30 but got a height of 32.000000. This error will be logged once per view in violation.
2021-04-27 05:42:24.796 firefox-bin[11290:5080235] Warning: Expected min height of view: (<NSButton: 0x130a3bc00>) to be less than or equal to 30 but got a height of 32.000000. This error will be logged once per view in violation.
2021-04-27 05:42:24.797 firefox-bin[11290:5080235] Warning: Expected min height of view: (<NSButton: 0x130a3f000>) to be less than or equal to 30 but got a height of 32.000000. This error will be logged once per view in violation.
2021-04-27 05:42:24.797 firefox-bin[11290:5080235] Warning: Expected min height of view: (<NSButton: 0x130a3fc00>) to be less than or equal to 30 but got a height of 32.000000. This error will be logged once per view in violation.
2021-04-27 05:42:24.798 firefox-bin[11290:5080235] Warning: Expected min height of view: (<NSPopoverTouchBarItemButton: 0x130a3c000>) to be less than or equal to 30 but got a height of 32.000000. This error will be logged once per view in violation.
2021-04-27 05:42:24.798 firefox-bin[11290:5080235] Warning: Expected min height of view: (<NSPopoverTouchBarItemButton: 0x130d95800>) to be less than or equal to 30 but got a height of 32.000000. This error will be logged once per view in violation.
console.warn: SearchSettings: "get: No settings file exists, new profile?" (new Error("", "(unknown module)"))
1619473346079	Marionette	INFO	Listening on port 49283
1619473346134	Marionette	WARN	TLS certificate errors will be ignored for this session
1619473346145	Marionette	ERROR	[19] No reply from Marionette:Register
console.warn: SearchSettings: "get: No settings file exists, new profile?" (new Error("", "(unknown module)"))
1619473467592	Marionette	INFO	Stopped listening on port 49283

###!!! [Parent][RunMessage] Error: Channel closing: too late to send/recv, messages will be lost

1619473677301	mozrunner::runner	INFO	Running command: "/Applications/Firefox.app/Contents/MacOS/firefox-bin" "-marionette" "-foreground" "-no-remote" "-profile" "/var/folders/qp/62byk9gs7738gg2bzjf8p3br0000gn/T/rust_mozprofileyLAzZ7"
2021-04-27 05:47:59.423 firefox-bin[11617:5088977] Warning: Expected min height of view: (<NSButton: 0x130ad8400>) to be less than or equal to 30 but got a height of 32.000000. This error will be logged once per view in violation.
2021-04-27 05:47:59.424 firefox-bin[11617:5088977] Warning: Expected min height of view: (<NSButton: 0x130ad9000>) to be less than or equal to 30 but got a height of 32.000000. This error will be logged once per view in violation.
2021-04-27 05:47:59.425 firefox-bin[11617:5088977] Warning: Expected min height of view: (<NSButton: 0x130ad9400>) to be less than or equal to 30 but got a height of 32.000000. This error will be logged once per view in violation.
2021-04-27 05:47:59.426 firefox-bin[11617:5088977] Warning: Expected min height of view: (<NSButton: 0x130ada000>) to be less than or equal to 30 but got a height of 32.000000. This error will be logged once per view in violation.
2021-04-27 05:47:59.426 firefox-bin[11617:5088977] Warning: Expected min height of view: (<NSButton: 0x130adac00>) to be less than or equal to 30 but got a height of 32.000000. This error will be logged once per view in violation.
2021-04-27 05:47:59.427 firefox-bin[11617:5088977] Warning: Expected min height of view: (<NSPopoverTouchBarItemButton: 0x130adb800>) to be less than or equal to 30 but got a height of 32.000000. This error will be logged once per view in violation.
2021-04-27 05:47:59.428 firefox-bin[11617:5088977] Warning: Expected min height of view: (<NSPopoverTouchBarItemButton: 0x130e4a800>) to be less than or equal to 30 but got a height of 32.000000. This error will be logged once per view in violation.
console.warn: SearchSettings: "get: No settings file exists, new profile?" (new Error("", "(unknown module)"))
1619473680789	Marionette	INFO	Listening on port 51836
console.warn: SearchSettings: "get: No settings file exists, new profile?" (new Error("", "(unknown module)"))
1619473680839	Marionette	WARN	TLS certificate errors will be ignored for this session
1619473680860	Marionette	ERROR	[19] No reply from Marionette:Register
1619473804310	Marionette	INFO	Stopped listening on port 51836

###!!! [Parent][RunMessage] Error: Channel closing: too late to send/recv, messages will be lost

1619474696805	mozrunner::runner	INFO	Running command: "/Applications/Firefox.app/Contents/MacOS/firefox-bin" "-marionette" "-foreground" "-no-remote" "-profile" "/var/folders/qp/62byk9gs7738gg2bzjf8p3br0000gn/T/rust_mozprofile4oZUtB"
2021-04-27 06:04:59.075 firefox-bin[12619:5114808] Warning: Expected min height of view: (<NSButton: 0x12a13d800>) to be less than or equal to 30 but got a height of 32.000000. This error will be logged once per view in violation.
2021-04-27 06:04:59.076 firefox-bin[12619:5114808] Warning: Expected min height of view: (<NSButton: 0x136aedc00>) to be less than or equal to 30 but got a height of 32.000000. This error will be logged once per view in violation.
2021-04-27 06:04:59.077 firefox-bin[12619:5114808] Warning: Expected min height of view: (<NSButton: 0x136aefc00>) to be less than or equal to 30 but got a height of 32.000000. This error will be logged once per view in violation.
2021-04-27 06:04:59.077 firefox-bin[12619:5114808] Warning: Expected min height of view: (<NSButton: 0x136aee000>) to be less than or equal to 30 but got a height of 32.000000. This error will be logged once per view in violation.
2021-04-27 06:04:59.078 firefox-bin[12619:5114808] Warning: Expected min height of view: (<NSButton: 0x136aef000>) to be less than or equal to 30 but got a height of 32.000000. This error will be logged once per view in violation.
2021-04-27 06:04:59.078 firefox-bin[12619:5114808] Warning: Expected min height of view: (<NSPopoverTouchBarItemButton: 0x136cf4800>) to be less than or equal to 30 but got a height of 32.000000. This error will be logged once per view in violation.
2021-04-27 06:04:59.079 firefox-bin[12619:5114808] Warning: Expected min height of view: (<NSPopoverTouchBarItemButton: 0x136cfbc00>) to be less than or equal to 30 but got a height of 32.000000. This error will be logged once per view in violation.
console.warn: SearchSettings: "get: No settings file exists, new profile?" (new Error("", "(unknown module)"))
console.warn: SearchSettings: "get: No settings file exists, new profile?" (new Error("", "(unknown module)"))
1619474700582	Marionette	INFO	Listening on port 59297
1619474700644	Marionette	WARN	TLS certificate errors will be ignored for this session
1619474700657	Marionette	ERROR	[19] No reply from Marionette:Register
console.error: services.settings: 
  main/fxmonitor-breaches Signature failed  TypeError: NetworkError when attempting to fetch resource.
console.error: services.settings: 
  main/message-groups Signature failed  TypeError: NetworkError when attempting to fetch resource.
1619474822981	Marionette	INFO	Stopped listening on port 59297

###!!! [Parent][RunMessage] Error: Channel closing: too late to send/recv, messages will be lost

1619475094776	mozrunner::runner	INFO	Running command: "/Applications/Firefox.app/Contents/MacOS/firefox-bin" "-marionette" "-foreground" "-no-remote" "-profile" "/var/folders/qp/62byk9gs7738gg2bzjf8p3br0000gn/T/rust_mozprofileRG15T1"
2021-04-27 06:11:37.817 firefox-bin[12958:5125714] Warning: Expected min height of view: (<NSButton: 0x12642a400>) to be less than or equal to 30 but got a height of 32.000000. This error will be logged once per view in violation.
2021-04-27 06:11:37.817 firefox-bin[12958:5125714] Warning: Expected min height of view: (<NSButton: 0x132fef000>) to be less than or equal to 30 but got a height of 32.000000. This error will be logged once per view in violation.
2021-04-27 06:11:37.818 firefox-bin[12958:5125714] Warning: Expected min height of view: (<NSButton: 0x132fed400>) to be less than or equal to 30 but got a height of 32.000000. This error will be logged once per view in violation.
2021-04-27 06:11:37.819 firefox-bin[12958:5125714] Warning: Expected min height of view: (<NSButton: 0x132feb400>) to be less than or equal to 30 but got a height of 32.000000. This error will be logged once per view in violation.
2021-04-27 06:11:37.820 firefox-bin[12958:5125714] Warning: Expected min height of view: (<NSButton: 0x132ff0000>) to be less than or equal to 30 but got a height of 32.000000. This error will be logged once per view in violation.
2021-04-27 06:11:37.821 firefox-bin[12958:5125714] Warning: Expected min height of view: (<NSPopoverTouchBarItemButton: 0x132fee000>) to be less than or equal to 30 but got a height of 32.000000. This error will be logged once per view in violation.
2021-04-27 06:11:37.822 firefox-bin[12958:5125714] Warning: Expected min height of view: (<NSPopoverTouchBarItemButton: 0x1332eb400>) to be less than or equal to 30 but got a height of 32.000000. This error will be logged once per view in violation.
console.warn: SearchSettings: "get: No settings file exists, new profile?" (new Error("", "(unknown module)"))
1619475099070	Marionette	INFO	Listening on port 62459
1619475099172	Marionette	WARN	TLS certificate errors will be ignored for this session
1619475099185	Marionette	ERROR	[19] No reply from Marionette:Register
console.warn: SearchSettings: "get: No settings file exists, new profile?" (new Error("", "(unknown module)"))
1619475223425	Marionette	INFO	Stopped listening on port 62459

###!!! [Parent][RunMessage] Error: Channel closing: too late to send/recv, messages will be lost

1619475391889	mozrunner::runner	INFO	Running command: "/Applications/Firefox.app/Contents/MacOS/firefox-bin" "-marionette" "-foreground" "-no-remote" "-profile" "/var/folders/qp/62byk9gs7738gg2bzjf8p3br0000gn/T/rust_mozprofileqxWkQL"
2021-04-27 06:16:34.133 firefox-bin[13225:5133054] Warning: Expected min height of view: (<NSButton: 0x127066800>) to be less than or equal to 30 but got a height of 32.000000. This error will be logged once per view in violation.
2021-04-27 06:16:34.134 firefox-bin[13225:5133054] Warning: Expected min height of view: (<NSButton: 0x133b50000>) to be less than or equal to 30 but got a height of 32.000000. This error will be logged once per view in violation.
2021-04-27 06:16:34.135 firefox-bin[13225:5133054] Warning: Expected min height of view: (<NSButton: 0x133b51400>) to be less than or equal to 30 but got a height of 32.000000. This error will be logged once per view in violation.
2021-04-27 06:16:34.135 firefox-bin[13225:5133054] Warning: Expected min height of view: (<NSButton: 0x133b4dc00>) to be less than or equal to 30 but got a height of 32.000000. This error will be logged once per view in violation.
2021-04-27 06:16:34.136 firefox-bin[13225:5133054] Warning: Expected min height of view: (<NSButton: 0x133b4b800>) to be less than or equal to 30 but got a height of 32.000000. This error will be logged once per view in violation.
2021-04-27 06:16:34.136 firefox-bin[13225:5133054] Warning: Expected min height of view: (<NSPopoverTouchBarItemButton: 0x133b4ec00>) to be less than or equal to 30 but got a height of 32.000000. This error will be logged once per view in violation.
2021-04-27 06:16:34.137 firefox-bin[13225:5133054] Warning: Expected min height of view: (<NSPopoverTouchBarItemButton: 0x133e99000>) to be less than or equal to 30 but got a height of 32.000000. This error will be logged once per view in violation.
console.warn: SearchSettings: "get: No settings file exists, new profile?" (new Error("", "(unknown module)"))
console.warn: SearchSettings: "get: No settings file exists, new profile?" (new Error("", "(unknown module)"))
1619475395830	Marionette	INFO	Listening on port 64781
1619475395922	Marionette	WARN	TLS certificate errors will be ignored for this session
1619475395937	Marionette	ERROR	[19] No reply from Marionette:Register
console.error: services.settings: 
  main/fxmonitor-breaches Signature failed  TypeError: NetworkError when attempting to fetch resource.
console.error: services.settings: 
  main/message-groups Signature failed  TypeError: NetworkError when attempting to fetch resource.
1619475520199	Marionette	INFO	Stopped listening on port 64781

###!!! [Parent][RunMessage] Error: Channel closing: too late to send/recv, messages will be lost

1619646946380	mozrunner::runner	INFO	Running command: "/Applications/Firefox.app/Contents/MacOS/firefox-bin" "-marionette" "-foreground" "-no-remote" "-profile" "/var/folders/qp/62byk9gs7738gg2bzjf8p3br0000gn/T/rust_mozprofilepm3y98"
2021-04-29 05:55:48.541 firefox-bin[55175:6384766] Warning: Expected min height of view: (<NSButton: 0x122611c00>) to be less than or equal to 30 but got a height of 32.000000. This error will be logged once per view in violation.
2021-04-29 05:55:48.541 firefox-bin[55175:6384766] Warning: Expected min height of view: (<NSButton: 0x12f0d7800>) to be less than or equal to 30 but got a height of 32.000000. This error will be logged once per view in violation.
2021-04-29 05:55:48.542 firefox-bin[55175:6384766] Warning: Expected min height of view: (<NSButton: 0x12f0db000>) to be less than or equal to 30 but got a height of 32.000000. This error will be logged once per view in violation.
2021-04-29 05:55:48.542 firefox-bin[55175:6384766] Warning: Expected min height of view: (<NSButton: 0x12f0ddc00>) to be less than or equal to 30 but got a height of 32.000000. This error will be logged once per view in violation.
2021-04-29 05:55:48.542 firefox-bin[55175:6384766] Warning: Expected min height of view: (<NSButton: 0x12f0dd400>) to be less than or equal to 30 but got a height of 32.000000. This error will be logged once per view in violation.
2021-04-29 05:55:48.543 firefox-bin[55175:6384766] Warning: Expected min height of view: (<NSPopoverTouchBarItemButton: 0x12f0da000>) to be less than or equal to 30 but got a height of 32.000000. This error will be logged once per view in violation.
2021-04-29 05:55:48.543 firefox-bin[55175:6384766] Warning: Expected min height of view: (<NSPopoverTouchBarItemButton: 0x12f3f2400>) to be less than or equal to 30 but got a height of 32.000000. This error will be logged once per view in violation.
console.warn: SearchSettings: "get: No settings file exists, new profile?" (new Error("", "(unknown module)"))
1619646949786	Marionette	INFO	Listening on port 62748
1619646949893	Marionette	WARN	TLS certificate errors will be ignored for this session
1619646949905	Marionette	ERROR	[19] No reply from Marionette:Register
console.warn: SearchSettings: "get: No settings file exists, new profile?" (new Error("", "(unknown module)"))
1619647074452	Marionette	INFO	Stopped listening on port 62748

###!!! [Parent][RunMessage] Error: Channel closing: too late to send/recv, messages will be lost

1619650432137	mozrunner::runner	INFO	Running command: "/Applications/Firefox.app/Contents/MacOS/firefox-bin" "-marionette" "-foreground" "-no-remote" "-profile" "/var/folders/qp/62byk9gs7738gg2bzjf8p3br0000gn/T/rust_mozprofilefzOGst"
2021-04-29 06:53:54.752 firefox-bin[59699:6471030] Warning: Expected min height of view: (<NSButton: 0x122921c00>) to be less than or equal to 30 but got a height of 32.000000. This error will be logged once per view in violation.
2021-04-29 06:53:54.753 firefox-bin[59699:6471030] Warning: Expected min height of view: (<NSButton: 0x12f3e4400>) to be less than or equal to 30 but got a height of 32.000000. This error will be logged once per view in violation.
2021-04-29 06:53:54.754 firefox-bin[59699:6471030] Warning: Expected min height of view: (<NSButton: 0x12f3e1400>) to be less than or equal to 30 but got a height of 32.000000. This error will be logged once per view in violation.
2021-04-29 06:53:54.754 firefox-bin[59699:6471030] Warning: Expected min height of view: (<NSButton: 0x12f3e4000>) to be less than or equal to 30 but got a height of 32.000000. This error will be logged once per view in violation.
2021-04-29 06:53:54.755 firefox-bin[59699:6471030] Warning: Expected min height of view: (<NSButton: 0x12f3df400>) to be less than or equal to 30 but got a height of 32.000000. This error will be logged once per view in violation.
2021-04-29 06:53:54.755 firefox-bin[59699:6471030] Warning: Expected min height of view: (<NSPopoverTouchBarItemButton: 0x12f3e1c00>) to be less than or equal to 30 but got a height of 32.000000. This error will be logged once per view in violation.
2021-04-29 06:53:54.756 firefox-bin[59699:6471030] Warning: Expected min height of view: (<NSPopoverTouchBarItemButton: 0x12f747c00>) to be less than or equal to 30 but got a height of 32.000000. This error will be logged once per view in violation.
console.warn: SearchSettings: "get: No settings file exists, new profile?" (new Error("", "(unknown module)"))
1619650436077	Marionette	INFO	Listening on port 52436
console.warn: SearchSettings: "get: No settings file exists, new profile?" (new Error("", "(unknown module)"))
1619650436204	Marionette	WARN	TLS certificate errors will be ignored for this session
1619650436217	Marionette	ERROR	[19] No reply from Marionette:Register
1619650562999	Marionette	INFO	Stopped listening on port 52436

###!!! [Parent][RunMessage] Error: Channel closing: too late to send/recv, messages will be lost

1619738108528	mozrunner::runner	INFO	Running command: "/Applications/Firefox.app/Contents/MacOS/firefox-bin" "-marionette" "-foreground" "-no-remote" "-profile" "/var/folders/qp/62byk9gs7738gg2bzjf8p3br0000gn/T/rust_mozprofilevyZVm9"
2021-04-30 07:15:10.875 firefox-bin[7066:7483299] Warning: Expected min height of view: (<NSButton: 0x12ef0dc00>) to be less than or equal to 30 but got a height of 32.000000. This error will be logged once per view in violation.
2021-04-30 07:15:10.876 firefox-bin[7066:7483299] Warning: Expected min height of view: (<NSButton: 0x12ef0c000>) to be less than or equal to 30 but got a height of 32.000000. This error will be logged once per view in violation.
2021-04-30 07:15:10.877 firefox-bin[7066:7483299] Warning: Expected min height of view: (<NSButton: 0x12ef0f800>) to be less than or equal to 30 but got a height of 32.000000. This error will be logged once per view in violation.
2021-04-30 07:15:10.878 firefox-bin[7066:7483299] Warning: Expected min height of view: (<NSButton: 0x12ef0a400>) to be less than or equal to 30 but got a height of 32.000000. This error will be logged once per view in violation.
2021-04-30 07:15:10.879 firefox-bin[7066:7483299] Warning: Expected min height of view: (<NSButton: 0x12ef11800>) to be less than or equal to 30 but got a height of 32.000000. This error will be logged once per view in violation.
2021-04-30 07:15:10.880 firefox-bin[7066:7483299] Warning: Expected min height of view: (<NSPopoverTouchBarItemButton: 0x12ef0a800>) to be less than or equal to 30 but got a height of 32.000000. This error will be logged once per view in violation.
2021-04-30 07:15:10.881 firefox-bin[7066:7483299] Warning: Expected min height of view: (<NSPopoverTouchBarItemButton: 0x12f243c00>) to be less than or equal to 30 but got a height of 32.000000. This error will be logged once per view in violation.
console.warn: SearchSettings: "get: No settings file exists, new profile?" (new Error("", "(unknown module)"))
1619738112311	Marionette	INFO	Listening on port 61155
1619738112360	Marionette	WARN	TLS certificate errors will be ignored for this session
1619738112373	Marionette	ERROR	[19] No reply from Marionette:Register
console.error: services.settings: 
  main/message-groups Signature failed  TypeError: NetworkError when attempting to fetch resource.
console.error: services.settings: 
  main/fxmonitor-breaches Signature failed  TypeError: NetworkError when attempting to fetch resource.
console.error: services.settings: 
  main/partitioning-exempt-urls Signature failed  TypeError: NetworkError when attempting to fetch resource.
console.error: services.settings: 
  main/cfr-fxa Signature failed  TypeError: NetworkError when attempting to fetch resource.
console.error: services.settings: 
  main/cfr Signature failed  TypeError: NetworkError when attempting to fetch resource.
1619738235725	Marionette	INFO	Stopped listening on port 61155
JavaScript error: resource://activity-stream/lib/ASRouter.jsm, line 987: NS_ERROR_ILLEGAL_VALUE: Component returned failure code: 0x80070057 (NS_ERROR_ILLEGAL_VALUE) [nsIObserverService.removeObserver]
console.error: services.settings: 
  main/whats-new-panel Signature failed  TypeError: NetworkError when attempting to fetch resource.

###!!! [Parent][RunMessage] Error: Channel closing: too late to send/recv, messages will be lost

1619789587657	mozrunner::runner	INFO	Running command: "/Applications/Firefox.app/Contents/MacOS/firefox-bin" "-marionette" "-foreground" "-no-remote" "-profile" "/var/folders/qp/62byk9gs7738gg2bzjf8p3br0000gn/T/rust_mozprofileIldZlX"
2021-04-30 21:33:09.881 firefox-bin[23109:7853823] Warning: Expected min height of view: (<NSButton: 0x12ff52800>) to be less than or equal to 30 but got a height of 32.000000. This error will be logged once per view in violation.
2021-04-30 21:33:09.882 firefox-bin[23109:7853823] Warning: Expected min height of view: (<NSButton: 0x13998cc00>) to be less than or equal to 30 but got a height of 32.000000. This error will be logged once per view in violation.
2021-04-30 21:33:09.882 firefox-bin[23109:7853823] Warning: Expected min height of view: (<NSButton: 0x13998dc00>) to be less than or equal to 30 but got a height of 32.000000. This error will be logged once per view in violation.
2021-04-30 21:33:09.883 firefox-bin[23109:7853823] Warning: Expected min height of view: (<NSButton: 0x13998e400>) to be less than or equal to 30 but got a height of 32.000000. This error will be logged once per view in violation.
2021-04-30 21:33:09.883 firefox-bin[23109:7853823] Warning: Expected min height of view: (<NSButton: 0x139993800>) to be less than or equal to 30 but got a height of 32.000000. This error will be logged once per view in violation.
2021-04-30 21:33:09.884 firefox-bin[23109:7853823] Warning: Expected min height of view: (<NSPopoverTouchBarItemButton: 0x139995c00>) to be less than or equal to 30 but got a height of 32.000000. This error will be logged once per view in violation.
2021-04-30 21:33:09.884 firefox-bin[23109:7853823] Warning: Expected min height of view: (<NSPopoverTouchBarItemButton: 0x139e9ec00>) to be less than or equal to 30 but got a height of 32.000000. This error will be logged once per view in violation.
console.warn: SearchSettings: "get: No settings file exists, new profile?" (new Error("", "(unknown module)"))
console.error: Region.jsm: "Error fetching region" (new TypeError("NetworkError when attempting to fetch resource.", ""))
console.error: Region.jsm: "Failed to fetch region" (new Error("NO_RESULT", "resource://gre/modules/Region.jsm", 422))
1619789591339	Marionette	INFO	Listening on port 57995
1619789591368	Marionette	WARN	TLS certificate errors will be ignored for this session
1619789591379	Marionette	ERROR	[16] No reply from Marionette:Register
1619789591468	Marionette	INFO	Stopped listening on port 57995

###!!! [Parent][RunMessage] Error: Channel closing: too late to send/recv, messages will be lost

1619824198649	mozrunner::runner	INFO	Running command: "/Applications/Firefox.app/Contents/MacOS/firefox-bin" "-marionette" "-foreground" "-no-remote" "-profile" "/var/folders/qp/62byk9gs7738gg2bzjf8p3br0000gn/T/rust_mozprofileYssBwL"
2021-05-01 07:10:00.860 firefox-bin[24929:7887856] Warning: Expected min height of view: (<NSButton: 0x12c374400>) to be less than or equal to 30 but got a height of 32.000000. This error will be logged once per view in violation.
2021-05-01 07:10:00.860 firefox-bin[24929:7887856] Warning: Expected min height of view: (<NSButton: 0x138df7400>) to be less than or equal to 30 but got a height of 32.000000. This error will be logged once per view in violation.
2021-05-01 07:10:00.861 firefox-bin[24929:7887856] Warning: Expected min height of view: (<NSButton: 0x138df2c00>) to be less than or equal to 30 but got a height of 32.000000. This error will be logged once per view in violation.
2021-05-01 07:10:00.861 firefox-bin[24929:7887856] Warning: Expected min height of view: (<NSButton: 0x138df7800>) to be less than or equal to 30 but got a height of 32.000000. This error will be logged once per view in violation.
2021-05-01 07:10:00.862 firefox-bin[24929:7887856] Warning: Expected min height of view: (<NSButton: 0x138df5800>) to be less than or equal to 30 but got a height of 32.000000. This error will be logged once per view in violation.
2021-05-01 07:10:00.862 firefox-bin[24929:7887856] Warning: Expected min height of view: (<NSPopoverTouchBarItemButton: 0x138df7c00>) to be less than or equal to 30 but got a height of 32.000000. This error will be logged once per view in violation.
2021-05-01 07:10:00.862 firefox-bin[24929:7887856] Warning: Expected min height of view: (<NSPopoverTouchBarItemButton: 0x139142800>) to be less than or equal to 30 but got a height of 32.000000. This error will be logged once per view in violation.
console.warn: SearchSettings: "get: No settings file exists, new profile?" (new Error("", "(unknown module)"))
1619824202135	Marionette	INFO	Listening on port 60085
1619824202161	Marionette	WARN	TLS certificate errors will be ignored for this session
1619824202172	Marionette	ERROR	[19] No reply from Marionette:Register
1619824326737	Marionette	INFO	Stopped listening on port 60085
1619992742470	mozrunner::runner	INFO	Running command: "/Applications/Firefox.app/Contents/MacOS/firefox-bin" "-marionette" "-foreground" "-no-remote" "-profile" "/var/folders/qp/62byk9gs7738gg2bzjf8p3br0000gn/T/rust_mozprofilekWwuUz"
2021-05-03 05:59:05.238 firefox-bin[75345:8833327] Warning: Expected min height of view: (<NSButton: 0x125c6ac00>) to be less than or equal to 30 but got a height of 32.000000. This error will be logged once per view in violation.
2021-05-03 05:59:05.238 firefox-bin[75345:8833327] Warning: Expected min height of view: (<NSButton: 0x132719400>) to be less than or equal to 30 but got a height of 32.000000. This error will be logged once per view in violation.
2021-05-03 05:59:05.239 firefox-bin[75345:8833327] Warning: Expected min height of view: (<NSButton: 0x132719c00>) to be less than or equal to 30 but got a height of 32.000000. This error will be logged once per view in violation.
2021-05-03 05:59:05.240 firefox-bin[75345:8833327] Warning: Expected min height of view: (<NSButton: 0x132719800>) to be less than or equal to 30 but got a height of 32.000000. This error will be logged once per view in violation.
2021-05-03 05:59:05.240 firefox-bin[75345:8833327] Warning: Expected min height of view: (<NSButton: 0x132719000>) to be less than or equal to 30 but got a height of 32.000000. This error will be logged once per view in violation.
2021-05-03 05:59:05.241 firefox-bin[75345:8833327] Warning: Expected min height of view: (<NSPopoverTouchBarItemButton: 0x132718400>) to be less than or equal to 30 but got a height of 32.000000. This error will be logged once per view in violation.
2021-05-03 05:59:05.242 firefox-bin[75345:8833327] Warning: Expected min height of view: (<NSPopoverTouchBarItemButton: 0x132a43c00>) to be less than or equal to 30 but got a height of 32.000000. This error will be logged once per view in violation.
console.warn: SearchSettings: "get: No settings file exists, new profile?" (new Error("", "(unknown module)"))
1619992746566	Marionette	INFO	Listening on port 63324
console.warn: SearchSettings: "get: No settings file exists, new profile?" (new Error("", "(unknown module)"))
1619992746607	Marionette	WARN	TLS certificate errors will be ignored for this session
1619992746618	Marionette	ERROR	[19] No reply from Marionette:Register
1619992868149	Marionette	INFO	Stopped listening on port 63324

###!!! [Parent][RunMessage] Error: Channel closing: too late to send/recv, messages will be lost

1620182042618	mozrunner::runner	INFO	Running command: "/Applications/Firefox.app/Contents/MacOS/firefox-bin" "-marionette" "-foreground" "-no-remote" "-profile" "/var/folders/qp/62byk9gs7738gg2bzjf8p3br0000gn/T/rust_mozprofile7f5ZYL"
2021-05-05 10:34:05.491 firefox-bin[20709:9897613] Warning: Expected min height of view: (<NSButton: 0x131bbd800>) to be less than or equal to 30 but got a height of 32.000000. This error will be logged once per view in violation.
2021-05-05 10:34:05.492 firefox-bin[20709:9897613] Warning: Expected min height of view: (<NSButton: 0x13cd35000>) to be less than or equal to 30 but got a height of 32.000000. This error will be logged once per view in violation.
2021-05-05 10:34:05.492 firefox-bin[20709:9897613] Warning: Expected min height of view: (<NSButton: 0x13cd31c00>) to be less than or equal to 30 but got a height of 32.000000. This error will be logged once per view in violation.
2021-05-05 10:34:05.493 firefox-bin[20709:9897613] Warning: Expected min height of view: (<NSButton: 0x13cd31400>) to be less than or equal to 30 but got a height of 32.000000. This error will be logged once per view in violation.
2021-05-05 10:34:05.493 firefox-bin[20709:9897613] Warning: Expected min height of view: (<NSButton: 0x13cd35800>) to be less than or equal to 30 but got a height of 32.000000. This error will be logged once per view in violation.
2021-05-05 10:34:05.494 firefox-bin[20709:9897613] Warning: Expected min height of view: (<NSPopoverTouchBarItemButton: 0x13cd2f000>) to be less than or equal to 30 but got a height of 32.000000. This error will be logged once per view in violation.
2021-05-05 10:34:05.494 firefox-bin[20709:9897613] Warning: Expected min height of view: (<NSPopoverTouchBarItemButton: 0x13cf47800>) to be less than or equal to 30 but got a height of 32.000000. This error will be logged once per view in violation.
console.warn: SearchSettings: "get: No settings file exists, new profile?" (new Error("", "(unknown module)"))
1620182046762	Marionette	INFO	Listening on port 56553
1620182046789	Marionette	WARN	TLS certificate errors will be ignored for this session
1620182046800	Marionette	ERROR	[19] No reply from Marionette:Register
1620182169270	Marionette	INFO	Stopped listening on port 56553

###!!! [Parent][RunMessage] Error: Channel closing: too late to send/recv, messages will be lost

1620425191964	mozrunner::runner	INFO	Running command: "/Applications/Firefox.app/Contents/MacOS/firefox-bin" "-marionette" "-foreground" "-no-remote" "-profile" "/var/folders/qp/62byk9gs7738gg2bzjf8p3br0000gn/T/rust_mozprofilehY7yhE"
2021-05-08 06:06:35.373 firefox-bin[87175:11481566] Warning: Expected min height of view: (<NSButton: 0x12d86c800>) to be less than or equal to 30 but got a height of 32.000000. This error will be logged once per view in violation.
2021-05-08 06:06:35.373 firefox-bin[87175:11481566] Warning: Expected min height of view: (<NSButton: 0x13a2ee400>) to be less than or equal to 30 but got a height of 32.000000. This error will be logged once per view in violation.
2021-05-08 06:06:35.374 firefox-bin[87175:11481566] Warning: Expected min height of view: (<NSButton: 0x13a2efc00>) to be less than or equal to 30 but got a height of 32.000000. This error will be logged once per view in violation.
2021-05-08 06:06:35.374 firefox-bin[87175:11481566] Warning: Expected min height of view: (<NSButton: 0x13a2ee800>) to be less than or equal to 30 but got a height of 32.000000. This error will be logged once per view in violation.
2021-05-08 06:06:35.375 firefox-bin[87175:11481566] Warning: Expected min height of view: (<NSButton: 0x13a2eac00>) to be less than or equal to 30 but got a height of 32.000000. This error will be logged once per view in violation.
2021-05-08 06:06:35.375 firefox-bin[87175:11481566] Warning: Expected min height of view: (<NSPopoverTouchBarItemButton: 0x13a2ea000>) to be less than or equal to 30 but got a height of 32.000000. This error will be logged once per view in violation.
2021-05-08 06:06:35.376 firefox-bin[87175:11481566] Warning: Expected min height of view: (<NSPopoverTouchBarItemButton: 0x13a563000>) to be less than or equal to 30 but got a height of 32.000000. This error will be logged once per view in violation.
console.warn: SearchSettings: "get: No settings file exists, new profile?" (new Error("", "(unknown module)"))
1620425197035	Marionette	INFO	Listening on port 64545
1620425197078	Marionette	WARN	TLS certificate errors will be ignored for this session
1620425197093	Marionette	ERROR	[19] No reply from Marionette:Register
console.warn: SearchSettings: "get: No settings file exists, new profile?" (new Error("", "(unknown module)"))
[GFX1-]: Receive IPC close with reason=AbnormalShutdown
Exiting due to channel error.
[GFX1-]: Receive IPC close with reason=AbnormalShutdown
Exiting due to channel error.
[GFX1-]: Receive IPC close with reason=AbnormalShutdown
Exiting due to channel error.
1620425335267	mozrunner::runner	INFO	Running command: "/Applications/Firefox.app/Contents/MacOS/firefox-bin" "-marionette" "-foreground" "-no-remote" "-profile" "/var/folders/qp/62byk9gs7738gg2bzjf8p3br0000gn/T/rust_mozprofiler6fBoK"
2021-05-08 06:08:58.258 firefox-bin[87301:11483902] Warning: Expected min height of view: (<NSButton: 0x127988c00>) to be less than or equal to 30 but got a height of 32.000000. This error will be logged once per view in violation.
2021-05-08 06:08:58.258 firefox-bin[87301:11483902] Warning: Expected min height of view: (<NSButton: 0x132aeec00>) to be less than or equal to 30 but got a height of 32.000000. This error will be logged once per view in violation.
2021-05-08 06:08:58.259 firefox-bin[87301:11483902] Warning: Expected min height of view: (<NSButton: 0x132af1000>) to be less than or equal to 30 but got a height of 32.000000. This error will be logged once per view in violation.
2021-05-08 06:08:58.259 firefox-bin[87301:11483902] Warning: Expected min height of view: (<NSButton: 0x132aec800>) to be less than or equal to 30 but got a height of 32.000000. This error will be logged once per view in violation.
2021-05-08 06:08:58.260 firefox-bin[87301:11483902] Warning: Expected min height of view: (<NSButton: 0x132af1c00>) to be less than or equal to 30 but got a height of 32.000000. This error will be logged once per view in violation.
2021-05-08 06:08:58.260 firefox-bin[87301:11483902] Warning: Expected min height of view: (<NSPopoverTouchBarItemButton: 0x132aed400>) to be less than or equal to 30 but got a height of 32.000000. This error will be logged once per view in violation.
2021-05-08 06:08:58.261 firefox-bin[87301:11483902] Warning: Expected min height of view: (<NSPopoverTouchBarItemButton: 0x132e46000>) to be less than or equal to 30 but got a height of 32.000000. This error will be logged once per view in violation.
console.warn: SearchSettings: "get: No settings file exists, new profile?" (new Error("", "(unknown module)"))
1620425339841	Marionette	INFO	Listening on port 65282
console.warn: SearchSettings: "get: No settings file exists, new profile?" (new Error("", "(unknown module)"))
1620425339940	Marionette	WARN	TLS certificate errors will be ignored for this session
1620425339958	Marionette	ERROR	[19] No reply from Marionette:Register
1620425461944	Marionette	INFO	Stopped listening on port 65282

###!!! [Parent][RunMessage] Error: Channel closing: too late to send/recv, messages will be lost

1620458989087	mozrunner::runner	INFO	Running command: "/Applications/Firefox.app/Contents/MacOS/firefox-bin" "-marionette" "-foreground" "-no-remote" "-profile" "/var/folders/qp/62byk9gs7738gg2bzjf8p3br0000gn/T/rust_mozprofile9tGxbP"
2021-05-08 15:29:51.816 firefox-bin[4706:11817481] Warning: Expected min height of view: (<NSButton: 0x126c4ec00>) to be less than or equal to 30 but got a height of 32.000000. This error will be logged once per view in violation.
2021-05-08 15:29:51.817 firefox-bin[4706:11817481] Warning: Expected min height of view: (<NSButton: 0x1334f6c00>) to be less than or equal to 30 but got a height of 32.000000. This error will be logged once per view in violation.
2021-05-08 15:29:51.818 firefox-bin[4706:11817481] Warning: Expected min height of view: (<NSButton: 0x1334f9000>) to be less than or equal to 30 but got a height of 32.000000. This error will be logged once per view in violation.
2021-05-08 15:29:51.818 firefox-bin[4706:11817481] Warning: Expected min height of view: (<NSButton: 0x1334f4800>) to be less than or equal to 30 but got a height of 32.000000. This error will be logged once per view in violation.
2021-05-08 15:29:51.819 firefox-bin[4706:11817481] Warning: Expected min height of view: (<NSButton: 0x1334f8400>) to be less than or equal to 30 but got a height of 32.000000. This error will be logged once per view in violation.
2021-05-08 15:29:51.819 firefox-bin[4706:11817481] Warning: Expected min height of view: (<NSPopoverTouchBarItemButton: 0x1334fac00>) to be less than or equal to 30 but got a height of 32.000000. This error will be logged once per view in violation.
2021-05-08 15:29:51.819 firefox-bin[4706:11817481] Warning: Expected min height of view: (<NSPopoverTouchBarItemButton: 0x133843400>) to be less than or equal to 30 but got a height of 32.000000. This error will be logged once per view in violation.
console.warn: SearchSettings: "get: No settings file exists, new profile?" (new Error("", "(unknown module)"))
1620458993234	Marionette	INFO	Listening on port 55416
1620458993337	Marionette	WARN	TLS certificate errors will be ignored for this session
1620458993352	Marionette	ERROR	[19] No reply from Marionette:Register
1620459116983	Marionette	INFO	Stopped listening on port 55416

###!!! [Parent][RunMessage] Error: Channel closing: too late to send/recv, messages will be lost

1620825557446	mozrunner::runner	INFO	Running command: "/Applications/Firefox.app/Contents/MacOS/firefox-bin" "-marionette" "-foreground" "-no-remote" "-profile" "/var/folders/qp/62byk9gs7738gg2bzjf8p3br0000gn/T/rust_mozprofile2RGLb6"
2021-05-12 21:19:20.886 firefox-bin[47577:14698762] Warning: Expected min height of view: (<NSButton: 0x12e7e4000>) to be less than or equal to 30 but got a height of 32.000000. This error will be logged once per view in violation.
2021-05-12 21:19:20.886 firefox-bin[47577:14698762] Warning: Expected min height of view: (<NSButton: 0x13b438800>) to be less than or equal to 30 but got a height of 32.000000. This error will be logged once per view in violation.
2021-05-12 21:19:20.887 firefox-bin[47577:14698762] Warning: Expected min height of view: (<NSButton: 0x13b43ac00>) to be less than or equal to 30 but got a height of 32.000000. This error will be logged once per view in violation.
2021-05-12 21:19:20.888 firefox-bin[47577:14698762] Warning: Expected min height of view: (<NSButton: 0x13b43a400>) to be less than or equal to 30 but got a height of 32.000000. This error will be logged once per view in violation.
2021-05-12 21:19:20.888 firefox-bin[47577:14698762] Warning: Expected min height of view: (<NSButton: 0x13b439000>) to be less than or equal to 30 but got a height of 32.000000. This error will be logged once per view in violation.
2021-05-12 21:19:20.889 firefox-bin[47577:14698762] Warning: Expected min height of view: (<NSPopoverTouchBarItemButton: 0x13b439400>) to be less than or equal to 30 but got a height of 32.000000. This error will be logged once per view in violation.
2021-05-12 21:19:20.889 firefox-bin[47577:14698762] Warning: Expected min height of view: (<NSPopoverTouchBarItemButton: 0x13b6a0c00>) to be less than or equal to 30 but got a height of 32.000000. This error will be logged once per view in violation.
console.warn: SearchSettings: "get: No settings file exists, new profile?" (new Error("", "(unknown module)"))
1620825562299	Marionette	INFO	Listening on port 58334
1620825562339	Marionette	WARN	TLS certificate errors will be ignored for this session
1620825562355	Marionette	ERROR	[19] No reply from Marionette:Register
console.warn: SearchSettings: "get: No settings file exists, new profile?" (new Error("", "(unknown module)"))
1620825685664	Marionette	INFO	Stopped listening on port 58334

###!!! [Parent][RunMessage] Error: Channel closing: too late to send/recv, messages will be lost

1620825734447	mozrunner::runner	INFO	Running command: "/Applications/Firefox.app/Contents/MacOS/firefox-bin" "-marionette" "-foreground" "-no-remote" "-profile" "/var/folders/qp/62byk9gs7738gg2bzjf8p3br0000gn/T/rust_mozprofilevTGbjs"
2021-05-12 21:22:16.923 firefox-bin[47725:14702778] Warning: Expected min height of view: (<NSButton: 0x131c8e000>) to be less than or equal to 30 but got a height of 32.000000. This error will be logged once per view in violation.
2021-05-12 21:22:16.923 firefox-bin[47725:14702778] Warning: Expected min height of view: (<NSButton: 0x13b68a000>) to be less than or equal to 30 but got a height of 32.000000. This error will be logged once per view in violation.
2021-05-12 21:22:16.924 firefox-bin[47725:14702778] Warning: Expected min height of view: (<NSButton: 0x13b684400>) to be less than or equal to 30 but got a height of 32.000000. This error will be logged once per view in violation.
2021-05-12 21:22:16.924 firefox-bin[47725:14702778] Warning: Expected min height of view: (<NSButton: 0x13b684c00>) to be less than or equal to 30 but got a height of 32.000000. This error will be logged once per view in violation.
2021-05-12 21:22:16.925 firefox-bin[47725:14702778] Warning: Expected min height of view: (<NSButton: 0x13b686c00>) to be less than or equal to 30 but got a height of 32.000000. This error will be logged once per view in violation.
2021-05-12 21:22:16.926 firefox-bin[47725:14702778] Warning: Expected min height of view: (<NSPopoverTouchBarItemButton: 0x13b691400>) to be less than or equal to 30 but got a height of 32.000000. This error will be logged once per view in violation.
2021-05-12 21:22:16.926 firefox-bin[47725:14702778] Warning: Expected min height of view: (<NSPopoverTouchBarItemButton: 0x13bca0400>) to be less than or equal to 30 but got a height of 32.000000. This error will be logged once per view in violation.
console.warn: SearchSettings: "get: No settings file exists, new profile?" (new Error("", "(unknown module)"))
1620825738539	Marionette	INFO	Listening on port 58525
1620825738602	Marionette	WARN	TLS certificate errors will be ignored for this session
console.warn: SearchSettings: "get: No settings file exists, new profile?" (new Error("", "(unknown module)"))
1620825738617	Marionette	ERROR	[16] No reply from Marionette:Register
1620825861030	Marionette	INFO	Stopped listening on port 58525

###!!! [Parent][RunMessage] Error: Channel closing: too late to send/recv, messages will be lost

